<?xml version="1.0" encoding="UTF-8"?>
<!-- Generated by org.testng.reporters.JUnitReportReporter -->
<testsuite hostname="Manish_PC" failures="0" tests="1" name="tutorialsninja.tests.Logout" time="7.480" errors="0" timestamp="2025-07-07T11:54:44 IST" skipped="0">
  <testcase classname="tutorialsninja.tests.Logout" name="verifyAccountLogoutFunctionality" time="7.480"/>
</testsuite> <!-- tutorialsninja.tests.Logout -->
