<?xml version="1.0" encoding="UTF-8"?>
<!-- Generated by org.testng.reporters.JUnitReportReporter -->
<testsuite hostname="Manish_PC" failures="0" tests="8" name="tutorialsninja.tests.Logout" time="104.880" errors="0" timestamp="2025-07-10T13:00:04 IST" skipped="0">
  <testcase classname="tutorialsninja.tests.Logout" name="verifyLoggingOutUsingMyAccountDropMenu" time="10.634"/>
  <testcase classname="tutorialsninja.tests.Logout" name="verifyLoggintOutUsingLogoutRightColumnOption" time="10.929"/>
  <testcase classname="tutorialsninja.tests.Logout" name="verifyLoggingOutAndBrowingBack" time="12.564"/>
  <testcase classname="tutorialsninja.tests.Logout" name="verifyThereIsNoLogoutOptionBeforeLogin" time="13.394"/>
  <testcase classname="tutorialsninja.tests.Logout" name="verifyThereIsNoRightColumnLogoutOptionBeforeLogin" time="17.952"/>
  <testcase classname="tutorialsninja.tests.Logout" name="verifyLoginAfterLogout" time="14.482"/>
  <testcase classname="tutorialsninja.tests.Logout" name="verifyBreadcrumbTitleHeadingAndURLOfAccountLogoutPage" time="12.611"/>
  <testcase classname="tutorialsninja.tests.Logout" name="verifyAccountLogoutFunctionality" time="12.314"/>
</testsuite> <!-- tutorialsninja.tests.Logout -->
