<?xml version="1.0" encoding="UTF-8"?>
<!-- Generated by org.testng.reporters.JUnitReportReporter -->
<testsuite hostname="Manish_PC" failures="0" tests="1" name="tutorialsninja.register.TC_RF_001" time="15.459" errors="0" timestamp="2025-06-29T18:27:40 IST" skipped="0">
  <testcase classname="tutorialsninja.register.TC_RF_001" name="verifyRegisterAccout" time="15.459"/>
</testsuite> <!-- tutorialsninja.register.TC_RF_001 -->
