<?xml version="1.0" encoding="UTF-8"?>
<!-- Generated by org.testng.reporters.JUnitReportReporter -->
<testsuite hostname="Manish_PC" failures="0" tests="1" name="tutorialsninja.register.TC_RF_015" time="6.624" errors="0" timestamp="2025-06-29T13:11:09 IST" skipped="0">
  <testcase classname="tutorialsninja.register.TC_RF_015" name="verifyRegisteringAccountWithOnlySpaces" time="6.624"/>
</testsuite> <!-- tutorialsninja.register.TC_RF_015 -->
