<?xml version="1.0" encoding="UTF-8"?>
<!-- Generated by org.testng.reporters.JUnitReportReporter -->
<testsuite hostname="Manish_PC" failures="0" tests="1" name="tutorialsninja.register.TC_RF_007" time="8.661" errors="0" timestamp="2025-06-29T13:11:09 IST" skipped="0">
  <testcase classname="tutorialsninja.register.TC_RF_007" name="verifyNavigatingToRegisterAccountUsingMultipleWay" time="8.661"/>
</testsuite> <!-- tutorialsninja.register.TC_RF_007 -->
