<?xml version="1.0" encoding="UTF-8"?>
<!-- Generated by org.testng.reporters.JUnitReportReporter -->
<testsuite hostname="Manish_PC" failures="0" tests="1" name="tutorialsninja.tests.Search" time="5.385" errors="0" timestamp="2025-07-07T13:03:42 IST" skipped="0">
  <testcase classname="tutorialsninja.tests.Search" name="verifySearchByUsingParentCategoryAndSearchInSubCategoriesOption" time="5.385"/>
</testsuite> <!-- tutorialsninja.tests.Search -->
