<?xml version="1.0" encoding="UTF-8"?>
<!-- Generated by org.testng.reporters.JUnitReportReporter -->
<testsuite hostname="Manish_PC" failures="0" tests="10" name="tutorialsninja.tests.Search" time="49.609" errors="0" timestamp="2025-07-10T15:06:49 IST" skipped="0">
  <testcase classname="tutorialsninja.tests.Search" name="verifySearchWithValidProduct" time="5.356"/>
  <testcase classname="tutorialsninja.tests.Search" name="verifySearchWithNonExistingProduct" time="4.291"/>
  <testcase classname="tutorialsninja.tests.Search" name="verifySearchWithoutEnteringAnyProduct" time="3.562"/>
  <testcase classname="tutorialsninja.tests.Search" name="verifySearchAfterLogin" time="8.494"/>
  <testcase classname="tutorialsninja.tests.Search" name="verifySearchResultingInMultipleProducts" time="3.927"/>
  <testcase classname="tutorialsninja.tests.Search" name="verifySearchFieldsPlaceholders" time="4.094"/>
  <testcase classname="tutorialsninja.tests.Search" name="verifySearchingForProductUsingSearchCriteriaField" time="4.432"/>
  <testcase classname="tutorialsninja.tests.Search" name="verifySearchingForProductUsingSomeTextInProductDescription" time="4.970"/>
  <testcase classname="tutorialsninja.tests.Search" name="verifySearchBySelectingSubCategory" time="5.270"/>
  <testcase classname="tutorialsninja.tests.Search" name="verifySearchByUsingParentCategoryAndSearchInSubCategoriesOption" time="5.213"/>
</testsuite> <!-- tutorialsninja.tests.Search -->
