<?xml version="1.0" encoding="UTF-8"?>
<!-- Generated by org.testng.reporters.JUnitReportReporter -->
<testsuite hostname="Manish_PC" failures="0" tests="21" name="tutorialsninja.tests.Login" time="-1752131968.000" errors="1" timestamp="2025-07-10T12:49:38 IST" skipped="20">
  <testcase classname="tutorialsninja.tests.Login" name="setUp" time="-1752131968.000">
    <error message="
Can inject only one of &lt;ITestContext, XmlTest, Method, Object[], ITestResult&gt; into a @BeforeMethod annotated setUp.
For more information on native dependency injection please refer to https://testng.org/#_dependency_injection" type="org.testng.TestNGException">
      <![CDATA[org.testng.TestNGException: 
Can inject only one of <ITestContext, XmlTest, Method, Object[], ITestResult> into a @BeforeMethod annotated setUp.
For more information on native dependency injection please refer to https://testng.org/#_dependency_injection
at org.testng.internal.Parameters.checkParameterTypes(Parameters.java:442)
at org.testng.internal.Parameters.createParametersForMethod(Parameters.java:347)
at org.testng.internal.Parameters.createParameters(Parameters.java:699)
at org.testng.internal.Parameters.createConfigurationParameters(Parameters.java:163)
at org.testng.internal.invokers.ConfigInvoker.invokeConfigurations(ConfigInvoker.java:313)
at org.testng.internal.invokers.TestInvoker.runConfigMethods(TestInvoker.java:836)
at org.testng.internal.invokers.TestInvoker.invokeMethod(TestInvoker.java:601)
at org.testng.internal.invokers.TestInvoker.invokeTestMethod(TestInvoker.java:230)
at org.testng.internal.invokers.MethodRunner.runInSequence(MethodRunner.java:63)
at org.testng.internal.invokers.TestInvoker$MethodInvocationAgent.invoke(TestInvoker.java:995)
at org.testng.internal.invokers.TestInvoker.invokeTestMethods(TestInvoker.java:203)
at org.testng.internal.invokers.TestMethodWorker.invokeTestMethods(TestMethodWorker.java:154)
at org.testng.internal.invokers.TestMethodWorker.run(TestMethodWorker.java:134)
at java.base/java.util.ArrayList.forEach(ArrayList.java:1511)
at org.testng.TestRunner.privateRun(TestRunner.java:741)
at org.testng.TestRunner.run(TestRunner.java:616)
at org.testng.SuiteRunner.runTest(SuiteRunner.java:421)
at org.testng.SuiteRunner$SuiteWorker.run(SuiteRunner.java:463)
at org.testng.internal.thread.ThreadUtil.lambda$execute$0(ThreadUtil.java:64)
at java.base/java.util.concurrent.FutureTask.run(FutureTask.java:264)
at java.base/java.util.concurrent.ThreadPoolExecutor.runWorker(ThreadPoolExecutor.java:1136)
at java.base/java.util.concurrent.ThreadPoolExecutor$Worker.run(ThreadPoolExecutor.java:635)
at java.base/java.lang.Thread.run(Thread.java:842)
]]>
    </error>
  </testcase> <!-- setUp -->
  <testcase classname="tutorialsninja.tests.Login" name="verifyLoginWithValidCredentials" time="0.000">
    <skipped/>
  </testcase> <!-- verifyLoginWithValidCredentials -->
  <testcase classname="tutorialsninja.tests.Login" name="verifyLoginWithInValidCredentials" time="0.000">
    <skipped/>
  </testcase> <!-- verifyLoginWithInValidCredentials -->
  <testcase classname="tutorialsninja.tests.Login" name="verifyLoginWithInValidEmailAndValidPassword" time="0.000">
    <skipped/>
  </testcase> <!-- verifyLoginWithInValidEmailAndValidPassword -->
  <testcase classname="tutorialsninja.tests.Login" name="verifyLoginWithValidEmailAndInValidPassword" time="0.000">
    <skipped/>
  </testcase> <!-- verifyLoginWithValidEmailAndInValidPassword -->
  <testcase classname="tutorialsninja.tests.Login" name="verifyLoginWithoutCredentials" time="0.000">
    <skipped/>
  </testcase> <!-- verifyLoginWithoutCredentials -->
  <testcase classname="tutorialsninja.tests.Login" name="verifyForgottenPasswordLinkOnLoginPage" time="0.000">
    <skipped/>
  </testcase> <!-- verifyForgottenPasswordLinkOnLoginPage -->
  <testcase classname="tutorialsninja.tests.Login" name="verifyLogginIntoTheApplicationUsingKeyboardKeys" time="0.000">
    <skipped/>
  </testcase> <!-- verifyLogginIntoTheApplicationUsingKeyboardKeys -->
  <testcase classname="tutorialsninja.tests.Login" name="verifyLoginFieldsPlaceholders" time="0.000">
    <skipped/>
  </testcase> <!-- verifyLoginFieldsPlaceholders -->
  <testcase classname="tutorialsninja.tests.Login" name="verifyBrowserBackAfterLogin" time="0.000">
    <skipped/>
  </testcase> <!-- verifyBrowserBackAfterLogin -->
  <testcase classname="tutorialsninja.tests.Login" name="verifyBrowserBackAfterLoggingOut" time="0.000">
    <skipped/>
  </testcase> <!-- verifyBrowserBackAfterLoggingOut -->
  <testcase classname="tutorialsninja.tests.Login" name="verifyLoginWithInactiveCredentials" time="0.000">
    <skipped/>
  </testcase> <!-- verifyLoginWithInactiveCredentials -->
  <testcase classname="tutorialsninja.tests.Login" name="verifyNumberOfUnsuccessfulLoginAttemps" time="0.000">
    <skipped/>
  </testcase> <!-- verifyNumberOfUnsuccessfulLoginAttemps -->
  <testcase classname="tutorialsninja.tests.Login" name="verifyTextEnteredIntoPasswordFieldIsToggledToHideItsVisibility" time="0.000">
    <skipped/>
  </testcase> <!-- verifyTextEnteredIntoPasswordFieldIsToggledToHideItsVisibility -->
  <testcase classname="tutorialsninja.tests.Login" name="verifyCopyingOfTextEnteredIntoPasswordField" time="0.000">
    <skipped/>
  </testcase> <!-- verifyCopyingOfTextEnteredIntoPasswordField -->
  <testcase classname="tutorialsninja.tests.Login" name="verifyPasswordIsStoredInHTMLCodeOfThePage" time="0.000">
    <skipped/>
  </testcase> <!-- verifyPasswordIsStoredInHTMLCodeOfThePage -->
  <testcase classname="tutorialsninja.tests.Login" name="verifyLoggingIntoApplicationAfterChaningPassword" time="0.000">
    <skipped/>
  </testcase> <!-- verifyLoggingIntoApplicationAfterChaningPassword -->
  <testcase classname="tutorialsninja.tests.Login" name="verifyNavigatingToDifferentPagesFromLoginPage" time="0.000">
    <skipped/>
  </testcase> <!-- verifyNavigatingToDifferentPagesFromLoginPage -->
  <testcase classname="tutorialsninja.tests.Login" name="verifyDifferentWaysOfNavigatingToLoginPage" time="0.000">
    <skipped/>
  </testcase> <!-- verifyDifferentWaysOfNavigatingToLoginPage -->
  <testcase classname="tutorialsninja.tests.Login" name="verifyBreadCrumbPageHeadingTitleAndPageURLOfLoginPage" time="0.001">
    <skipped/>
  </testcase> <!-- verifyBreadCrumbPageHeadingTitleAndPageURLOfLoginPage -->
  <testcase classname="tutorialsninja.tests.Login" name="verifyLoginFunctionalityInAllEnvironments" time="0.000">
    <skipped/>
  </testcase> <!-- verifyLoginFunctionalityInAllEnvironments -->
</testsuite> <!-- tutorialsninja.tests.Login -->
